"../../../EndlessRunner/Content/StarterContent/Audio/Fire01.uasset" 0
"../../../EndlessRunner/Content/StarterContent/Audio/Fire01_Cue.uasset" 1
"../../../EndlessRunner/Content/StarterContent/Textures/T_Fire_SubUV.uasset" 2
"../../../EndlessRunner/Content/StarterContent/Textures/T_Fire_Tiled_D.uasset" 3
"../../../EndlessRunner/Content/StarterContent/Particles/Materials/M_Fire_SubUV.uasset" 4
"../../../EndlessRunner/Content/StarterContent/Textures/T_Water_N.uasset" 5
"../../../EndlessRunner/Content/StarterContent/Particles/Materials/M_Heat_Distortion.uasset" 6
"../../../Engine/Content/Functions/Engine_MaterialFunctions01/Gradient/RadialGradient.uasset" 7
"../../../EndlessRunner/Content/StarterContent/Particles/Materials/M_Radial_Gradient.uasset" 8
"../../../EndlessRunner/Content/StarterContent/Textures/T_Smoke_SubUV.uasset" 9
"../../../EndlessRunner/Content/StarterContent/Textures/T_Smoke_Tiled_D.uasset" 10
"../../../EndlessRunner/Content/StarterContent/Particles/Materials/M_smoke_subUV.uasset" 11
"../../../EndlessRunner/Content/StarterContent/Particles/P_Fire.uasset" 12
"../../../EndlessRunner/Content/StarterContent/Blueprints/Blueprint_Effect_Fire.uasset" 13
"../../../EndlessRunner/Content/StarterContent/Audio/Smoke01.uasset" 14
"../../../EndlessRunner/Content/StarterContent/Audio/Smoke01_Cue.uasset" 15
"../../../EndlessRunner/Content/StarterContent/Particles/P_Smoke.uasset" 16
"../../../EndlessRunner/Content/StarterContent/Blueprints/Blueprint_Effect_Smoke.uasset" 17
"../../../EndlessRunner/Content/StarterContent/Audio/Fire_Sparks01.uasset" 18
"../../../EndlessRunner/Content/StarterContent/Audio/Fire_Sparks01_Cue.uasset" 19
"../../../EndlessRunner/Content/StarterContent/Textures/T_Spark_Core.uasset" 20
"../../../EndlessRunner/Content/StarterContent/Particles/Materials/M_Spark.uasset" 21
"../../../EndlessRunner/Content/StarterContent/Particles/P_Sparks.uasset" 22
"../../../EndlessRunner/Content/StarterContent/Blueprints/Blueprint_Effect_Sparks.uasset" 23
"../../../EndlessRunner/Content/StarterContent/Audio/Steam01.uasset" 24
"../../../EndlessRunner/Content/StarterContent/Audio/Steam01_Cue.uasset" 25
"../../../EndlessRunner/Content/StarterContent/Particles/P_Steam_Lit.uasset" 26
"../../../EndlessRunner/Content/StarterContent/Blueprints/Blueprint_Effect_Steam.uasset" 27
"../../../Engine/Content/EditorBlueprintResources/StandardMacros.uasset" 28
"../../../Engine/Content/EngineSky/C_Sky_Cloud_Color.uasset" 29
"../../../Engine/Content/EngineSky/C_Sky_Horizon_Color.uasset" 30
"../../../Engine/Content/EngineSky/C_Sky_Zenith_Color.uasset" 31
"../../../Engine/Content/EngineSky/T_Sky_Blue.uasset" 32
"../../../Engine/Content/EngineSky/T_Sky_Clouds_M.uasset" 33
"../../../Engine/Content/EngineSky/T_Sky_Stars.uasset" 34
"../../../Engine/Content/EngineSky/SM_SkySphere.uasset" 35
"../../../Engine/Content/EngineSky/M_Sky_Panning_Clouds2.uasset" 36
"../../../Engine/Content/EngineSky/BP_Sky_Sphere.uasset" 37
"../../../EndlessRunner/Content/StarterContent/Textures/T_Lamp_M.uasset" 38
"../../../EndlessRunner/Content/StarterContent/Textures/T_Lamp_N.uasset" 39
"../../../EndlessRunner/Content/StarterContent/Props/Materials/M_Lamp.uasset" 40
"../../../EndlessRunner/Content/StarterContent/Props/SM_Lamp_Ceiling.uasset" 41
"../../../EndlessRunner/Content/StarterContent/Blueprints/Blueprint_CeilingLight.uasset" 42
"../../../EndlessRunner/Content/StarterContent/Props/SM_Lamp_Wall.uasset" 43
"../../../EndlessRunner/Content/StarterContent/Blueprints/Blueprint_WallSconce.uasset" 44
"../../../Engine/Content/EngineFonts/RobotoDistanceField.uasset" 45
"../../../Engine/Content/Functions/Engine_MaterialFunctions03/Procedurals/ComputeFilterWidth.uasset" 46
"../../../Engine/Content/EngineMaterials/AntiAliasedTextMaterialTranslucent.uasset" 47
"../../../Engine/Content/Functions/Engine_MaterialFunctions01/Opacity/CameraDepthFade.uasset" 48
"../../../Engine/Content/EngineMaterials/T_Default_Material_Grid_M.uasset" 49
"../../../Engine/Content/EngineMaterials/T_Default_Material_Grid_N.uasset" 50
"../../../Engine/Content/EngineMaterials/WorldGridMaterial.uasset" 51
"../../../EndlessRunner/Content/StarterContent/Textures/T_Brick_Clay_Beveled_D.uasset" 52
"../../../EndlessRunner/Content/StarterContent/Textures/T_Brick_Clay_Beveled_M.uasset" 53
"../../../EndlessRunner/Content/StarterContent/Textures/T_Brick_Clay_Beveled_N.uasset" 54
"../../../EndlessRunner/Content/StarterContent/Textures/T_MacroVariation.uasset" 55
"../../../EndlessRunner/Content/StarterContent/Materials/M_Brick_Clay_Beveled.uasset" 56
"../../../EndlessRunner/Content/StarterContent/Textures/T_Brick_Clay_New_D.uasset" 57
"../../../EndlessRunner/Content/StarterContent/Textures/T_Brick_Clay_New_M.uasset" 58
"../../../EndlessRunner/Content/StarterContent/Textures/T_Brick_Clay_New_N.uasset" 59
"../../../EndlessRunner/Content/StarterContent/Textures/T_Detail_Rocky_N.uasset" 60
"../../../EndlessRunner/Content/StarterContent/Materials/M_Brick_Clay_New.uasset" 61
"../../../EndlessRunner/Content/StarterContent/Textures/T_Brick_Clay_Old_D.uasset" 62
"../../../EndlessRunner/Content/StarterContent/Textures/T_Brick_Clay_Old_N.uasset" 63
"../../../EndlessRunner/Content/StarterContent/Textures/T_Perlin_Noise_M.uasset" 64
"../../../EndlessRunner/Content/StarterContent/Materials/M_Brick_Clay_Old.uasset" 65
"../../../EndlessRunner/Content/StarterContent/Textures/T_Brick_Cut_Stone_D.uasset" 66
"../../../EndlessRunner/Content/StarterContent/Textures/T_Brick_Cut_Stone_N.uasset" 67
"../../../EndlessRunner/Content/StarterContent/Materials/M_Brick_Cut_Stone.uasset" 68
"../../../EndlessRunner/Content/StarterContent/Textures/T_Brick_Hewn_Stone_D.uasset" 69
"../../../EndlessRunner/Content/StarterContent/Textures/T_Brick_Hewn_Stone_M.uasset" 70
"../../../EndlessRunner/Content/StarterContent/Textures/T_Brick_Hewn_Stone_N.uasset" 71
"../../../EndlessRunner/Content/StarterContent/Materials/M_Brick_Hewn_Stone.uasset" 72
"../../../EndlessRunner/Content/StarterContent/Textures/T_Ceramic_Tile_M.uasset" 73
"../../../EndlessRunner/Content/StarterContent/Textures/T_Ceramic_Tile_N.uasset" 74
"../../../EndlessRunner/Content/StarterContent/Textures/T_Rock_Marble_Polished_D.uasset" 75
"../../../EndlessRunner/Content/StarterContent/Materials/M_Ceramic_Tile_Checker.uasset" 76
"../../../EndlessRunner/Content/StarterContent/Textures/T_CobbleStone_Pebble_D.uasset" 77
"../../../EndlessRunner/Content/StarterContent/Textures/T_CobbleStone_Pebble_M.uasset" 78
"../../../EndlessRunner/Content/StarterContent/Textures/T_CobbleStone_Pebble_N.uasset" 79
"../../../EndlessRunner/Content/StarterContent/Materials/M_CobbleStone_Pebble.uasset" 80
"../../../EndlessRunner/Content/StarterContent/Textures/T_CobbleStone_Rough_D.uasset" 81
"../../../EndlessRunner/Content/StarterContent/Textures/T_CobbleStone_Rough_N.uasset" 82
"../../../EndlessRunner/Content/StarterContent/Textures/T_Gradinet_01.uasset" 83
"../../../EndlessRunner/Content/StarterContent/Textures/T_Rock_Smooth_Granite_D.uasset" 84
"../../../EndlessRunner/Content/StarterContent/Materials/M_CobbleStone_Rough.uasset" 85
"../../../EndlessRunner/Content/StarterContent/Textures/T_CobbleStone_Smooth_D.uasset" 86
"../../../EndlessRunner/Content/StarterContent/Textures/T_CobbleStone_Smooth_M.uasset" 87
"../../../EndlessRunner/Content/StarterContent/Textures/T_CobbleStone_Smooth_N.uasset" 88
"../../../EndlessRunner/Content/StarterContent/Materials/M_CobbleStone_Smooth.uasset" 89
"../../../EndlessRunner/Content/StarterContent/Textures/T_Concrete_Grime_D.uasset" 90
"../../../EndlessRunner/Content/StarterContent/Textures/T_Metal_Rust_N.uasset" 91
"../../../EndlessRunner/Content/StarterContent/Materials/M_Concrete_Grime.uasset" 92
"../../../EndlessRunner/Content/StarterContent/Textures/T_Concrete_Panels_D.uasset" 93
"../../../EndlessRunner/Content/StarterContent/Textures/T_Concrete_Panels_N.uasset" 94
"../../../EndlessRunner/Content/StarterContent/Materials/M_Concrete_Panels.uasset" 95
"../../../EndlessRunner/Content/StarterContent/Textures/T_Concrete_Poured_D.uasset" 96
"../../../EndlessRunner/Content/StarterContent/Textures/T_Concrete_Poured_N.uasset" 97
"../../../EndlessRunner/Content/StarterContent/Materials/M_Concrete_Poured.uasset" 98
"../../../EndlessRunner/Content/StarterContent/Textures/T_Concrete_Tiles_D.uasset" 99
"../../../EndlessRunner/Content/StarterContent/Textures/T_Concrete_Tiles_M.uasset" 100
"../../../EndlessRunner/Content/StarterContent/Textures/T_Concrete_Tiles_N.uasset" 101
"../../../EndlessRunner/Content/StarterContent/Textures/T_Concrete_Tiles_Variation_M.uasset" 102
"../../../EndlessRunner/Content/StarterContent/Materials/M_Concrete_Tiles.uasset" 103
"../../../EndlessRunner/Content/StarterContent/Textures/T_Ground_Grass_D.uasset" 104
"../../../EndlessRunner/Content/StarterContent/Textures/T_Ground_Grass_N.uasset" 105
"../../../EndlessRunner/Content/StarterContent/Materials/M_Ground_Grass.uasset" 106
"../../../EndlessRunner/Content/StarterContent/Textures/T_Ground_Gravel_D.uasset" 107
"../../../EndlessRunner/Content/StarterContent/Textures/T_Ground_Gravel_N.uasset" 108
"../../../EndlessRunner/Content/StarterContent/Materials/M_Ground_Gravel.uasset" 109
"../../../EndlessRunner/Content/StarterContent/Textures/T_ground_Moss_D.uasset" 110
"../../../EndlessRunner/Content/StarterContent/Textures/T_Ground_Moss_N.uasset" 111
"../../../EndlessRunner/Content/StarterContent/Materials/M_Ground_Moss.uasset" 112
"../../../EndlessRunner/Content/StarterContent/Materials/M_Metal_Brushed_Nickel.uasset" 113
"../../../EndlessRunner/Content/StarterContent/Textures/T_Metal_Aluminum_D.uasset" 114
"../../../EndlessRunner/Content/StarterContent/Textures/T_Metal_Gold_N.uasset" 115
"../../../EndlessRunner/Content/StarterContent/Materials/M_Metal_Burnished_Steel.uasset" 116
"../../../EndlessRunner/Content/StarterContent/Materials/M_Metal_Chrome.uasset" 117
"../../../EndlessRunner/Content/StarterContent/Textures/T_Metal_Copper_D.uasset" 118
"../../../EndlessRunner/Content/StarterContent/Materials/M_Metal_Copper.uasset" 119
"../../../EndlessRunner/Content/StarterContent/Textures/T_Metal_Gold_D.uasset" 120
"../../../EndlessRunner/Content/StarterContent/Materials/M_Metal_Gold.uasset" 121
"../../../Engine/Content/Functions/Engine_MaterialFunctions02/Utility/BlendAngleCorrectedNormals.uasset" 122
"../../../EndlessRunner/Content/StarterContent/Textures/T_Metal_Rust_D.uasset" 123
"../../../EndlessRunner/Content/StarterContent/Materials/M_Metal_Rust.uasset" 124
"../../../EndlessRunner/Content/StarterContent/Textures/T_Metal_Steel_D.uasset" 125
"../../../EndlessRunner/Content/StarterContent/Textures/T_Metal_Steel_N.uasset" 126
"../../../EndlessRunner/Content/StarterContent/Materials/M_Metal_Steel.uasset" 127
"../../../EndlessRunner/Content/StarterContent/Textures/T_Rock_Basalt_D.uasset" 128
"../../../EndlessRunner/Content/StarterContent/Textures/T_Rock_Basalt_N.uasset" 129
"../../../EndlessRunner/Content/StarterContent/Materials/M_Rock_Basalt.uasset" 130
"../../../EndlessRunner/Content/StarterContent/Materials/M_Rock_Marble_Polished.uasset" 131
"../../../EndlessRunner/Content/StarterContent/Textures/T_Rock_Sandstone_D.uasset" 132
"../../../EndlessRunner/Content/StarterContent/Textures/T_Rock_Sandstone_N.uasset" 133
"../../../EndlessRunner/Content/StarterContent/Materials/M_Rock_Sandstone.uasset" 134
"../../../EndlessRunner/Content/StarterContent/Textures/T_Rock_Slate_D.uasset" 135
"../../../EndlessRunner/Content/StarterContent/Textures/T_Rock_Slate_N.uasset" 136
"../../../EndlessRunner/Content/StarterContent/Materials/M_Rock_Slate.uasset" 137
"../../../EndlessRunner/Content/StarterContent/Textures/T_Checker_Noise_M.uasset" 138
"../../../EndlessRunner/Content/StarterContent/Textures/T_Single_Tile_N.uasset" 139
"../../../EndlessRunner/Content/StarterContent/Textures/T_Tech_Dot_M.uasset" 140
"../../../EndlessRunner/Content/StarterContent/Textures/T_Tech_Dot_N.uasset" 141
"../../../EndlessRunner/Content/StarterContent/Materials/M_Tech_Checker_Dot.uasset" 142
"../../../EndlessRunner/Content/StarterContent/Textures/T_Tech_Hex_Tile_M.uasset" 143
"../../../EndlessRunner/Content/StarterContent/Textures/T_Tech_Hex_Tile_N.uasset" 144
"../../../EndlessRunner/Content/StarterContent/Materials/M_Tech_Hex_Tile.uasset" 145
"../../../EndlessRunner/Content/StarterContent/Materials/M_Tech_Hex_Tile_Pulse.uasset" 146
"../../../EndlessRunner/Content/StarterContent/Textures/T_Tech_Panel_M.uasset" 147
"../../../EndlessRunner/Content/StarterContent/Textures/T_Tech_Panel_N.uasset" 148
"../../../EndlessRunner/Content/StarterContent/Materials/M_Tech_Panel.uasset" 149
"../../../EndlessRunner/Content/StarterContent/Materials/M_Water_Lake.uasset" 150
"../../../EndlessRunner/Content/StarterContent/Textures/T_Water_M.uasset" 151
"../../../EndlessRunner/Content/StarterContent/Materials/M_Water_Ocean.uasset" 152
"../../../EndlessRunner/Content/StarterContent/Textures/T_Wood_Floor_Walnut_D.uasset" 153
"../../../EndlessRunner/Content/StarterContent/Textures/T_Wood_Floor_Walnut_M.uasset" 154
"../../../EndlessRunner/Content/StarterContent/Textures/T_Wood_Floor_Walnut_N.uasset" 155
"../../../EndlessRunner/Content/StarterContent/Materials/M_Wood_Floor_Walnut_Polished.uasset" 156
"../../../Engine/Content/Functions/Engine_MaterialFunctions01/Opacity/AlphaOffset.uasset" 157
"../../../EndlessRunner/Content/StarterContent/Materials/M_Wood_Floor_Walnut_Worn.uasset" 158
"../../../EndlessRunner/Content/StarterContent/Textures/T_Wood_Oak_D.uasset" 159
"../../../EndlessRunner/Content/StarterContent/Textures/T_Wood_Oak_N.uasset" 160
"../../../EndlessRunner/Content/StarterContent/Materials/M_Wood_Oak.uasset" 161
"../../../EndlessRunner/Content/StarterContent/Textures/T_Wood_Pine_D.uasset" 162
"../../../EndlessRunner/Content/StarterContent/Textures/T_Wood_Pine_N.uasset" 163
"../../../EndlessRunner/Content/StarterContent/Materials/M_Wood_Pine.uasset" 164
"../../../EndlessRunner/Content/StarterContent/Textures/T_Wood_Walnut_D.uasset" 165
"../../../EndlessRunner/Content/StarterContent/Textures/T_Wood_Walnut_N.uasset" 166
"../../../EndlessRunner/Content/StarterContent/Materials/M_Wood_Walnut.uasset" 167
"../../../EndlessRunner/Content/StarterContent/Textures/T_Chair_M.uasset" 168
"../../../EndlessRunner/Content/StarterContent/Textures/T_Chair_N.uasset" 169
"../../../EndlessRunner/Content/StarterContent/Props/Materials/M_Chair.uasset" 170
"../../../EndlessRunner/Content/StarterContent/Materials/M_Basic_Floor.uasset" 171
"../../../EndlessRunner/Content/StarterContent/Architecture/Floor_400x400.uasset" 172
"../../../EndlessRunner/Content/StarterContent/Materials/M_Basic_Wall.uasset" 173
"../../../EndlessRunner/Content/StarterContent/Architecture/Wall_400x200.uasset" 174
"../../../EndlessRunner/Content/StarterContent/Architecture/Wall_Door_400x300.uasset" 175
"../../../EndlessRunner/Content/StarterContent/Architecture/Wall_Window_400x300.uasset" 176
"../../../EndlessRunner/Content/StarterContent/Audio/Collapse01.uasset" 177
"../../../EndlessRunner/Content/StarterContent/Audio/Collapse02.uasset" 178
"../../../EndlessRunner/Content/StarterContent/Audio/Collapse_Cue.uasset" 179
"../../../EndlessRunner/Content/StarterContent/Audio/Starter_Birds01.uasset" 180
"../../../EndlessRunner/Content/StarterContent/Audio/Starter_Wind05.uasset" 181
"../../../EndlessRunner/Content/StarterContent/Audio/Starter_Wind06.uasset" 182
"../../../EndlessRunner/Content/StarterContent/Audio/Starter_Background_Cue.uasset" 183
"../../../EndlessRunner/Content/StarterContent/Audio/Starter_Music01.uasset" 184
"../../../EndlessRunner/Content/StarterContent/Audio/Starter_Music_Cue.uasset" 185
"../../../EndlessRunner/Content/StarterContent/Textures/T_Dust_Particle_D.uasset" 186
"../../../EndlessRunner/Content/StarterContent/Particles/Materials/M_Dust_Particle.uasset" 187
"../../../EndlessRunner/Content/StarterContent/Particles/P_Ambient_Dust.uasset" 188
"../../../EndlessRunner/Content/StarterContent/Props/MaterialSphere.uasset" 189
"../../../EndlessRunner/Content/StarterContent/Props/SM_Chair.uasset" 190
"../../../EndlessRunner/Content/StarterContent/Textures/T_Frame_M.uasset" 191
"../../../EndlessRunner/Content/StarterContent/Textures/T_Frame_N.uasset" 192
"../../../EndlessRunner/Content/StarterContent/Props/Materials/M_Frame.uasset" 193
"../../../EndlessRunner/Content/StarterContent/Props/SM_CornerFrame.uasset" 194
"../../../EndlessRunner/Content/StarterContent/Props/SM_DoorFrame.uasset" 195
"../../../EndlessRunner/Content/StarterContent/Materials/M_Glass.uasset" 196
"../../../EndlessRunner/Content/StarterContent/Props/SM_GlassWindow.uasset" 197
"../../../EndlessRunner/Content/StarterContent/Props/SM_PillarFrame.uasset" 198
"../../../EndlessRunner/Content/StarterContent/Props/SM_PillarFrame300.uasset" 199
"../../../EndlessRunner/Content/StarterContent/Textures/T_Statue_M.uasset" 200
"../../../EndlessRunner/Content/StarterContent/Textures/T_Statue_N.uasset" 201
"../../../EndlessRunner/Content/StarterContent/Props/Materials/M_Statue.uasset" 202
"../../../EndlessRunner/Content/StarterContent/Props/Materials/M_StatueGlass.uasset" 203
"../../../EndlessRunner/Content/StarterContent/Props/SM_Statue.uasset" 204
"../../../EndlessRunner/Content/StarterContent/Textures/T_TableRound_M.uasset" 205
"../../../EndlessRunner/Content/StarterContent/Textures/T_TableRound_N.uasset" 206
"../../../EndlessRunner/Content/StarterContent/Props/Materials/M_TableRound.uasset" 207
"../../../EndlessRunner/Content/StarterContent/Props/SM_TableRound.uasset" 208
"../../../EndlessRunner/Content/StarterContent/Props/SM_WindowFrame.uasset" 209
"../../../EndlessRunner/Content/StarterContent/Shapes/Shape_Cube.uasset" 210
"../../../EndlessRunner/Content/StarterContent/Shapes/Shape_QuadPyramid.uasset" 211
"../../../EndlessRunner/Content/StarterContent/Shapes/Shape_Sphere.uasset" 212
"../../../EndlessRunner/Content/StarterContent/Maps/StarterMap.umap" 213
"../../../EndlessRunner/Content/StarterContent/Maps/Minimal_Default.umap" 214
"../../../EndlessRunner/Content/EndlessRunnerMap.umap" 215
"../../../Engine/Content/EngineMaterials/DefaultMaterial.uasset" 216
"../../../Engine/Content/EngineMaterials/DefaultDiffuse.uasset" 217
"../../../Engine/Content/EngineMaterials/DefaultNormal.uasset" 218
"../../../Engine/Content/Maps/Entry.umap" 219
"../../../EndlessRunner/Content/StarterContent/Blueprints/Assets/FogBrightnessLUT.uasset" 220
"../../../EndlessRunner/Content/StarterContent/Blueprints/Assets/SunlightColorLUT.uasset" 221
"../../../EndlessRunner/Content/StarterContent/Blueprints/Assets/M_LightStage_Arrows.uasset" 222
"../../../Engine/Content/MapTemplates/Sky/DaylightAmbientCubemap.uasset" 223
"../../../EndlessRunner/Content/StarterContent/Blueprints/Assets/M_LightStage_Skybox_Master.uasset" 224
"../../../EndlessRunner/Content/StarterContent/Blueprints/Assets/M_LightStage_Skybox_Black.uasset" 225
"../../../EndlessRunner/Content/StarterContent/Blueprints/Assets/M_LightStage_Skybox_HDRI.uasset" 226
"../../../Engine/Content/EditorMaterials/Thumbnails/SkySphereMaterial.uasset" 227
"../../../EndlessRunner/Content/StarterContent/Blueprints/Assets/Skybox.uasset" 228
"../../../EndlessRunner/Content/StarterContent/Blueprints/Assets/SM_Arrows.uasset" 229
"../../../EndlessRunner/Content/StarterContent/HDRI/HDRI_Epic_Courtyard_Daylight.uasset" 230
"../../../EndlessRunner/Content/StarterContent/Blueprints/BP_LightStudio.uasset" 231
"../../../EndlessRunner/Content/StarterContent/Materials/M_AssetPlatform.uasset" 232
"../../../Engine/Content/EditorMeshes/ColorCalibrator/M_ChromeBall.uasset" 233
"../../../Engine/Content/EditorMeshes/ColorCalibrator/M_ClearCoat.uasset" 234
"../../../Engine/Content/EditorMeshes/ColorCalibrator/M_ClearCoatBlack.uasset" 235
"../../../Engine/Content/EditorMeshes/ColorCalibrator/T_ColorGrid.uasset" 236
"../../../Engine/Content/EditorMeshes/ColorCalibrator/M_ColorGrid.uasset" 237
"../../../Engine/Content/EditorMeshes/ColorCalibrator/M_GreyBall.uasset" 238
"../../../Engine/Content/EditorMeshes/ColorCalibrator/SM_ColorCalibrator.uasset" 239
"../../../EndlessRunner/Content/StarterContent/Architecture/SM_AssetPlatform.uasset" 240
"../../../EndlessRunner/Content/StarterContent/Maps/Advanced_Lighting.umap" 241
"../../../EndlessRunner/Content/ThirdPersonBP/Maps/TestMap.umap" 242
"../../../Engine/Content/EngineFonts/Roboto.uasset" 243
"../../../Engine/Content/Functions/Engine_MaterialFunctions01/Shading/PowerToRoughness.uasset" 244
"../../../Engine/Content/Functions/Engine_MaterialFunctions01/Shading/ConvertFromDiffSpec.uasset" 245
"../../../Engine/Content/EngineMaterials/DefaultDeferredDecalMaterial.uasset" 246
"../../../Engine/Content/EngineMaterials/DefaultLightFunctionMaterial.uasset" 247
"../../../Engine/Content/Functions/Engine_MaterialFunctions02/Utility/BreakOutFloat2Components.uasset" 248
"../../../Engine/Content/EngineMaterials/DefaultPostProcessMaterial.uasset" 249
"../../../Engine/Content/EngineResources/DefaultTexture.uasset" 250
"../../../Engine/Content/Functions/Engine_MaterialFunctions02/Texturing/ScreenAlignedUVs.uasset" 251
"../../../Engine/Content/EngineResources/WhiteSquareTexture.uasset" 252
"../../../Engine/Content/EngineMaterials/Widget3DPassThrough.uasset" 253
"../../../Engine/Content/EngineMaterials/Widget3DPassThrough_Translucent.uasset" 254
"../../../Engine/Content/EngineMaterials/Widget3DPassThrough_Translucent_OneSided.uasset" 255
"../../../Engine/Content/EngineMaterials/Widget3DPassThrough_Opaque.uasset" 256
"../../../Engine/Content/EngineMaterials/Widget3DPassThrough_Opaque_OneSided.uasset" 257
"../../../Engine/Content/EngineMaterials/Widget3DPassThrough_Masked.uasset" 258
"../../../Engine/Content/EngineMaterials/Widget3DPassThrough_Masked_OneSided.uasset" 259
"../../../Engine/Content/EditorResources/S_Actor.uasset" 260
"../../../Engine/Content/Maps/Templates/Thumbnails/Default.uasset" 261
"../../../Engine/Content/EditorMaterials/ParticleSystems/PSysThumbnail_NoImage.uasset" 262
"../../../Engine/Content/EditorMaterials/ParticleSystems/PSysThumbnail_OOD.uasset" 263
"../../../Engine/Content/EditorLandscapeResources/DataLayer.uasset" 264
"../../../Engine/Content/EngineDamageTypes/DmgTypeBP_Environmental.uasset" 265
"../../../Engine/Content/EngineMeshes/Sphere.uasset" 266
"../../../Engine/Content/EngineMaterials/DefaultTextMaterialOpaque.uasset" 267
"../../../Engine/Content/EditorResources/S_Trigger.uasset" 268
"../../../Engine/Content/EngineResources/GradientTexture0.uasset" 269
"../../../Engine/Content/EngineResources/Black.uasset" 270
"../../../Engine/Content/EditorMaterials/MatineeGroups/MAT_Groups_Float.uasset" 271
"../../../Engine/Content/EditorMaterials/MatineeGroups/MAT_Groups_Director.uasset" 272
"../../../Engine/Content/EditorMaterials/MatineeGroups/MAT_Groups_Event.uasset" 273
"../../../Engine/Content/EditorMaterials/MatineeGroups/MAT_Groups_Anim.uasset" 274
"../../../Engine/Content/EditorMaterials/MatineeGroups/MAT_Groups_Fade.uasset" 275
"../../../Engine/Content/EditorMaterials/MatineeGroups/MAT_Groups_Move.uasset" 276
"../../../Engine/Content/EditorMaterials/MatineeGroups/MAT_Groups_Slomo.uasset" 277
"../../../Engine/Content/EditorMaterials/MatineeGroups/MAT_ColorTrack.uasset" 278
"../../../Engine/Content/EditorMaterials/MAT_Groups_Toggle.uasset" 279
"../../../Engine/Content/EditorMaterials/MatineeGroups/MAT_Groups_AudioMaster.uasset" 280
"../../../Engine/Content/EditorMaterials/MatineeGroups/MAT_Groups_Sound.uasset" 281
"../../../Engine/Content/EditorMaterials/MatineeGroups/MAT_Groups_Vector.uasset" 282
"../../../Engine/Content/EditorMaterials/MAT_Groups_Visibility.uasset" 283
"../../../Engine/Content/EngineResources/DefaultTextureCube.uasset" 284
"../../../Engine/Content/EngineMeshes/Cylinder.uasset" 285
"../../../Engine/Content/EngineTireTypes/DefaultTireType.uasset" 286
"../../../Engine/Content/EngineResources/AICON-Red.uasset" 287
"../../../Engine/Content/EngineResources/AICON-Green.uasset" 288
"../../../Engine/Content/Tutorial/Basics/TutorialAssets/icon_tab_Levels_40x.uasset" 289
"../../../Engine/Content/Tutorial/Basics/LevelEditorOverview.uasset" 290
"../../../Engine/Content/Tutorial/Basics/LevelEditorAttract.uasset" 291
"../../../Engine/Content/Tutorial/BlueprintTutorials/TutorialAssets/Blueprint_64x.uasset" 292
"../../../Engine/Content/Tutorial/BlueprintTutorials/BlueprintEditorTutorial.uasset" 293
"../../../Engine/Content/Tutorial/ContentIntroCurve.uasset" 294
"../../../Engine/Plugins/2D/Paper2D/Content/PlaceholderTextures/DummySpriteTexture.uasset" 295
"../../../Engine/Plugins/2D/Paper2D/Content/DefaultSpriteMaterial.uasset" 296
"../../../Engine/Plugins/2D/Paper2D/Content/MaskedUnlitSpriteMaterial.uasset" 297
"../../../Engine/Plugins/2D/Paper2D/Content/OpaqueUnlitSpriteMaterial.uasset" 298
"../../../Engine/Plugins/2D/Paper2D/Content/DummySpriteTexture.uasset" 299
"../../../Engine/Plugins/2D/Paper2D/Content/DummySprite.uasset" 300
"../../../Engine/Plugins/2D/Paper2D/Content/DefaultPaperTerrainMaterial.uasset" 301
"../../../Engine/Plugins/Runtime/LeapMotionController/Content/LM_CapsuleMesh.uasset" 302
"../../../Engine/Plugins/Runtime/LeapMotionController/Content/LM_TorusMesh.uasset" 303
"../../../Engine/Plugins/Runtime/LeapMotionController/Content/LM_HandColor.uasset" 304
"../../../Engine/Plugins/Runtime/LeapMotionController/Content/LM_SampleDistortion.uasset" 305
"../../../Engine/Plugins/Runtime/LeapMotionController/Content/LM_TestTexture.uasset" 306
"../../../Engine/Plugins/Runtime/LeapMotionController/Content/LM_PassthroughMaterial.uasset" 307
"../../../Engine/Content/EngineMaterials/RemoveSurfaceMaterial.uasset" 308
"../../../Engine/Content/EngineDebugMaterials/DebugMeshMaterial.uasset" 309
"../../../Engine/Content/EngineMaterials/InvalidLightmapSettings.uasset" 310
"../../../Engine/Content/EngineMaterials/M_InvalidLightmapSettings.uasset" 311
"../../../Engine/Content/EditorMaterials/GizmoMaterial.uasset" 312
"../../../Engine/Content/EngineMaterials/Good64x64TilingNoiseHighFreq.uasset" 313
"../../../Engine/Content/EngineMaterials/DefaultBokeh.uasset" 314
"../../../Engine/Content/EngineMaterials/PreintegratedSkinBRDF.uasset" 315
"../../../Engine/Content/EngineMaterials/MiniFont.uasset" 316
"../../../Engine/Content/EngineMaterials/WeightMapPlaceholderTexture.uasset" 317
"../../../Engine/Content/EngineMaterials/DefaultWhiteGrid.uasset" 318
"../../../Engine/Content/EngineMaterials/DefaultPhysicalMaterial.uasset" 319
"../../../Engine/Content/EngineFonts/RobotoTiny.uasset" 320
"../../../Engine/Content/MobileResources/HUD/MobileHUDButtonFire.uasset" 321
"../../../Engine/Content/MobileResources/HUD/VirtualJoystick_Background.uasset" 322
"../../../Engine/Content/MobileResources/HUD/VirtualJoystick_Thumb.uasset" 323
"../../../Engine/Content/MobileResources/HUD/LeftVirtualJoystickOnly.uasset" 324
"../../../Engine/Content/MobileResources/HUD/MobileHUDDirectionPad2.uasset" 325
"../../../EndlessRunner/Content/StarterContent/Shapes/Shape_Wedge_B.uasset" 326
"../../../EndlessRunner/Content/StarterContent/Shapes/Shape_WideCapsule.uasset" 327
"../../../Engine/Content/MobileResources/HUD/MobileHUDButton2_on.uasset" 328
"../../../EndlessRunner/Content/StarterContent/Shapes/Shape_Trim_90_Out.uasset" 329
"../../../EndlessRunner/Content/StarterContent/Shapes/Shape_TriPyramid.uasset" 330
"../../../EndlessRunner/Content/StarterContent/Shapes/Shape_Tube.uasset" 331
"../../../EndlessRunner/Content/StarterContent/Shapes/Shape_Wedge_A.uasset" 332
"../../../Engine/Content/MobileResources/T_MobileControls_texture.uasset" 333
"../../../Engine/Content/MobileResources/HUD/MobileHUDButton1_off.uasset" 334
"../../../EndlessRunner/Content/StarterContent/Props/SM_Couch.uasset" 335
"../../../EndlessRunner/Content/StarterContent/Textures/T_Door_M.uasset" 336
"../../../EndlessRunner/Content/StarterContent/Textures/T_Door_N.uasset" 337
"../../../EndlessRunner/Content/StarterContent/Props/Materials/M_Door.uasset" 338
"../../../EndlessRunner/Content/StarterContent/Props/SM_Door.uasset" 339
"../../../EndlessRunner/Content/StarterContent/Props/Materials/M_MaterialSphere.uasset" 340
"../../../EndlessRunner/Content/StarterContent/Props/Materials/M_MaterialSphere_Plain.uasset" 341
"../../../EndlessRunner/Content/StarterContent/Props/SM_MatPreviewMesh_02.uasset" 342
"../../../EndlessRunner/Content/StarterContent/Textures/T_Shelf_M.uasset" 343
"../../../EndlessRunner/Content/StarterContent/Textures/T_Shelf_N.uasset" 344
"../../../EndlessRunner/Content/StarterContent/Props/Materials/M_Shelf.uasset" 345
"../../../EndlessRunner/Content/StarterContent/Props/SM_Shelf.uasset" 346
"../../../EndlessRunner/Content/StarterContent/Props/SM_Stairs.uasset" 347
"../../../EndlessRunner/Content/StarterContent/Textures/T_Bush_D.uasset" 348
"../../../EndlessRunner/Content/StarterContent/Textures/T_Bush_N.uasset" 349
"../../../EndlessRunner/Content/StarterContent/Props/Materials/M_Bush.uasset" 350
"../../../EndlessRunner/Content/StarterContent/Props/SM_Bush.uasset" 351
"../../../Engine/Content/Functions/MaterialLayerFunctions/MatLayerBlend_NormalBlend.uasset" 352
"../../../Engine/Content/Functions/MaterialLayerFunctions/MatLayerBlend_Simple.uasset" 353
"../../../EndlessRunner/Content/Mannequin/Character/Materials/MaterialLayers/T_ML_Rubber_Blue_01_D.uasset" 354
"../../../EndlessRunner/Content/Mannequin/Character/Materials/MaterialLayers/T_ML_Rubber_Blue_01_N.uasset" 355
"../../../EndlessRunner/Content/Mannequin/Character/Materials/MaterialLayers/ML_GlossyBlack_Latex_UE4.uasset" 356
"../../../EndlessRunner/Content/Mannequin/Character/Materials/MaterialLayers/ML_Plastic_Shiny_Beige.uasset" 357
"../../../EndlessRunner/Content/Mannequin/Character/Textures/UE4_LOGO_CARD.uasset" 358
"../../../EndlessRunner/Content/Mannequin/Character/Materials/MaterialLayers/ML_Plastic_Shiny_Beige_LOGO.uasset" 359
"../../../EndlessRunner/Content/Mannequin/Character/Materials/MaterialLayers/T_ML_Aluminum01.uasset" 360
"../../../EndlessRunner/Content/Mannequin/Character/Materials/MaterialLayers/T_ML_Aluminum01_N.uasset" 361
"../../../EndlessRunner/Content/Mannequin/Character/Materials/MaterialLayers/ML_SoftMetal_UE4.uasset" 362
"../../../EndlessRunner/Content/Mannequin/Character/Textures/UE4_Mannequin__normals.uasset" 363
"../../../EndlessRunner/Content/Mannequin/Character/Textures/UE4_Mannequin_MAT_MASKA.uasset" 364
"../../../EndlessRunner/Content/Mannequin/Character/Materials/M_UE4Man_Body.uasset" 365
"../../../EndlessRunner/Content/Mannequin/Character/Textures/UE4Man_Logo_N.uasset" 366
"../../../EndlessRunner/Content/Mannequin/Character/Materials/M_UE4Man_ChestLogo.uasset" 367
"../../../EndlessRunner/Content/Mannequin/Character/Mesh/SK_Mannequin_PhysicsAsset.uasset" 368
"../../../EndlessRunner/Content/Mannequin/Character/Mesh/SK_Mannequin.uasset" 369
"../../../EndlessRunner/Content/Mannequin/Character/Mesh/UE4_Mannequin_Skeleton.uasset" 370
"../../../EndlessRunner/Content/Mannequin/Animations/ThirdPerson_Jump.uasset" 371
"../../../EndlessRunner/Content/Mannequin/Animations/ThirdPersonJump_Loop.uasset" 372
"../../../EndlessRunner/Content/Mannequin/Animations/ThirdPersonJump_Start.uasset" 373
"../../../EndlessRunner/Content/Mannequin/Animations/ThirdPersonIdle.uasset" 374
"../../../EndlessRunner/Content/Mannequin/Animations/ThirdPersonRun.uasset" 375
"../../../EndlessRunner/Content/Mannequin/Animations/ThirdPersonWalk.uasset" 376
"../../../EndlessRunner/Content/Mannequin/Animations/ThirdPerson_IdleRun_2D.uasset" 377
"../../../EndlessRunner/Content/Mannequin/Animations/ThirdPerson_AnimBP.uasset" 378
"../../../EndlessRunner/Content/StarterContent/Audio/Explosion01.uasset" 379
"../../../EndlessRunner/Content/StarterContent/Textures/T_Burst_M.uasset" 380
"../../../EndlessRunner/Content/StarterContent/Particles/Materials/M_Burst.uasset" 381
"../../../EndlessRunner/Content/StarterContent/Textures/T_Explosion_SubUV.uasset" 382
"../../../EndlessRunner/Content/StarterContent/Particles/Materials/M_explosion_subUV.uasset" 383
"../../../EndlessRunner/Content/StarterContent/Particles/Materials/m_flare_01.uasset" 384
"../../../EndlessRunner/Content/StarterContent/Particles/Materials/M_radial_ramp.uasset" 385
"../../../EndlessRunner/Content/StarterContent/Particles/P_Explosion.uasset" 386
"../../../EndlessRunner/Content/ThirdPersonBP/Blueprints/RunCharacter.uasset" 387
"../../../EndlessRunner/Content/ThirdPersonBP/Blueprints/ThirdPersonCharacter.uasset" 388
"../../../Engine/Content/MobileResources/HUD/MobileHUDButton2_off.uasset" 389
"../../../Engine/Content/MobileResources/HUD/T_Castle_ThumbstickInner.uasset" 390
"../../../EndlessRunner/Content/ThirdPerson/Meshes/RampMaterial.uasset" 391
"../../../EndlessRunner/Content/ThirdPerson/Meshes/LeftArm_StaticMesh.uasset" 392
"../../../EndlessRunner/Content/ThirdPerson/Meshes/Linear_Stair_StaticMesh.uasset" 393
"../../../EndlessRunner/Content/ThirdPerson/Meshes/Ramp_StaticMesh.uasset" 394
"../../../EndlessRunner/Content/ThirdPerson/Meshes/RightArm_StaticMesh.uasset" 395
"../../../EndlessRunner/Content/ThirdPersonBP/ThirdPersonOverview.uasset" 396
"../../../Engine/Content/EditorResources/LightIcons/S_LightError.uasset" 397
"../../../Engine/Content/EditorResources/EmptyActor.uasset" 398
"../../../Engine/Content/MobileResources/HUD/MobileHUDButton1_on.uasset" 399
"../../../Engine/Content/MobileResources/HUD/MobileHUDButton3.uasset" 400
"../../../Engine/Content/MobileResources/HUD/MobileHUDDirectionStick.uasset" 401
"../../../Engine/Content/EditorMaterials/PhAT_JointLimitMaterial.uasset" 402
"../../../Engine/Content/EditorMaterials/PreviewShadowIndicator.uasset" 403
"../../../Engine/Content/EditorMaterials/PreviewShadowIndicatorMaterial.uasset" 404
"../../../Engine/Content/EditorResources/BSPVertex.uasset" 405
"../../../Engine/Content/EditorResources/AudioIcons/S_AudioComponent.uasset" 406
"../../../Engine/Content/EditorResources/AudioIcons/S_AudioComponent_AutoActivate.uasset" 407
"../../../Engine/Content/EngineDebugMaterials/HeatmapGradient.uasset" 408
"../../../Engine/Content/EngineDebugMaterials/BoneWeightMaterial.uasset" 409
"../../../Engine/Content/EngineDebugMaterials/GeomMaterial.uasset" 410
"../../../Engine/Content/EngineMaterials/EditorBrushMaterial.uasset" 411
"../../../Engine/Content/MobileResources/T_MobileMenu2.uasset" 412
"../../../Engine/Content/MobileResources/HUD/AnalogHat.uasset" 413
"../../../Engine/Content/MobileResources/HUD/DefaultVirtualJoysticks.uasset" 414
"../../../Engine/Content/MobileResources/HUD/MobileHUDDirectionPad.uasset" 415
"../../../Engine/Content/MobileResources/HUD/MobileHUDDirectionPad3.uasset" 416
"../../../Engine/Content/MobileResources/HUD/T_Castle_ThumbstickOutter.uasset" 417
"../../../Engine/Content/Tutorial/BlueprintTutorials/TutorialAssets/BlueprintInterface_64x.uasset" 418
"../../../Engine/Content/Tutorial/BlueprintTutorials/TutorialAssets/Tutorial_BP_Interface.uasset" 419
"../../../Engine/Content/Tutorial/BlueprintTutorials/BlueprintInterfacesEditorOverview.uasset" 420
"../../../Engine/Content/Tutorial/BlueprintTutorials/TutorialAssets/BlueprintMacroLibrary_64x.uasset" 421
"../../../Engine/Content/Tutorial/BlueprintTutorials/TutorialAssets/Tutorial_BP_MacroLib.uasset" 422
"../../../Engine/Content/Tutorial/BlueprintTutorials/BlueprintMacroLibrariesEditorOverview.uasset" 423
"../../../Engine/Content/Tutorial/BlueprintTutorials/LevelBlueprintEditorOverview.uasset" 424
"../../../Engine/Content/Tutorial/Foliage/TutorialAssets/Foliage.uasset" 425
"../../../Engine/Content/Tutorial/Foliage/Foliage_Settings_Tutorial.uasset" 426
"../../../Engine/Content/Tutorial/Foliage/Foliage_Using_The_Tool_Tutorial.uasset" 427
"../../../Engine/Content/Tutorial/Foliage/Foliage_Intro_Tutorial.uasset" 428
"../../../Engine/Content/Tutorial/Landscape/TutorialAssets/Landscape.uasset" 429
"../../../Engine/Content/Tutorial/Landscape/Landscape_Painting_Mode.uasset" 430
"../../../Engine/Content/Tutorial/Landscape/Landscape_Sculpt_Mode.uasset" 431
"../../../Engine/Content/Tutorial/Landscape/Landscape_Manage_Mode.uasset" 432
"../../../Engine/Content/Tutorial/Paper2D/TutorialAssets/Paper2DFlipbook_TutorialIcon.uasset" 433
"../../../Engine/Content/Tutorial/Paper2D/FlipbookEditorTutorial.uasset" 434
"../../../Engine/Content/Tutorial/Paper2D/TutorialAssets/Paper2DSprite_TutorialIcon.uasset" 435
"../../../Engine/Content/Tutorial/Paper2D/SpriteEditorTutorial.uasset" 436
"../../../Engine/Content/EditorMeshes/EditorCube.uasset" 437
"../../../Engine/Content/Tutorial/SubEditors/TutorialAssets/Tutorial_DM.uasset" 438
"../../../Engine/Content/Tutorial/SubEditors/DestructibleMeshEditorTutorial.uasset" 439
"../../../Engine/Content/Tutorial/SubEditors/TutorialAssets/TutorialMaterial.uasset" 440
"../../../Engine/Content/Tutorial/SubEditors/MaterialEditorTutorial.uasset" 441
"../../../Engine/Content/Tutorial/SubEditors/TutorialAssets/T_SmokeSubUV_8X8.uasset" 442
"../../../Engine/Content/Tutorial/SubEditors/TutorialAssets/T_soft_smoke.uasset" 443
"../../../Engine/Content/Tutorial/SubEditors/TutorialAssets/M_smoke_subUV_blackbody.uasset" 444
"../../../Engine/Content/Tutorial/SubEditors/TutorialAssets/TutorialParticleSystem.uasset" 445
"../../../Engine/Content/Tutorial/SubEditors/ParticleSystemEditorTutorial.uasset" 446
"../../../Engine/Content/Tutorial/SubEditors/TutorialAssets/icon_ShowSkeletalMeshes_40x.uasset" 447
"../../../Engine/Content/Tutorial/SubEditors/TutorialAssets/Character/TutorialTPP_Mat.uasset" 448
"../../../Engine/Content/Tutorial/SubEditors/TutorialAssets/Character/TutorialTPP_PhysicsAsset.uasset" 449
"../../../Engine/Content/Tutorial/SubEditors/TutorialAssets/Character/TutorialTPP.uasset" 450
"../../../Engine/Content/Tutorial/SubEditors/TutorialAssets/Character/TutorialTPP_Skeleton.uasset" 451
"../../../Engine/Content/Tutorial/SubEditors/TutorialAssets/Character/Tutorial_Idle.uasset" 452
"../../../Engine/Content/Tutorial/SubEditors/TutorialAssets/Character/Tutorial_Walk_Fwd.uasset" 453
"../../../Engine/Content/Tutorial/SubEditors/TutorialAssets/Character/NewBlendSpace1D.uasset" 454
"../../../Engine/Content/Tutorial/SubEditors/TutorialAssets/Character/TutorialCharacter.uasset" 455
"../../../Engine/Content/Tutorial/SubEditors/TutorialAssets/Character/TutorialTPP_AnimBlueprint.uasset" 456
"../../../Engine/Content/Tutorial/SubEditors/PersonaAnimBlueprintEditorWalkthrough.uasset" 457
"../../../Engine/Content/Tutorial/SubEditors/PersonaAnimEditorWalkthrough.uasset" 458
"../../../Engine/Content/EngineMeshes/Cube.uasset" 459
"../../../Engine/Content/Tutorial/SubEditors/StaticMeshEditorTutorial.uasset" 460
"../../../Engine/Content/Tutorial/SubEditors/TutorialAssets/icon_Editor_Preferences_General_40x.uasset" 461
"../../../EndlessRunner/Content/Geometry/Meshes/CubeMaterial.uasset" 462
"../../../EndlessRunner/Content/Geometry/Meshes/1M_Cube.uasset" 463
"../../../EndlessRunner/Content/Geometry/Meshes/1M_Cube_Chamfer.uasset" 464
"../../../EndlessRunner/Content/Geometry/Meshes/TemplateFloor.uasset" 465
"../../../EndlessRunner/Content/Mannequin/Animations/ThirdPersonJump_End.uasset" 466
"../../../EndlessRunner/Content/StarterContent/Architecture/Pillar_50x500.uasset" 467
"../../../EndlessRunner/Content/StarterContent/Architecture/Wall_400x300.uasset" 468
"../../../EndlessRunner/Content/StarterContent/Architecture/Wall_400x400.uasset" 469
"../../../EndlessRunner/Content/StarterContent/Architecture/Wall_500x500.uasset" 470
"../../../EndlessRunner/Content/StarterContent/Architecture/Wall_Door_400x400.uasset" 471
"../../../EndlessRunner/Content/StarterContent/Architecture/Wall_Window_400x400.uasset" 472
"../../../EndlessRunner/Content/StarterContent/Audio/Light01.uasset" 473
"../../../EndlessRunner/Content/StarterContent/Audio/Light01_Cue.uasset" 474
"../../../EndlessRunner/Content/StarterContent/Audio/Light02.uasset" 475
"../../../EndlessRunner/Content/StarterContent/Audio/Light02_Cue.uasset" 476
"../../../EndlessRunner/Content/StarterContent/Audio/Explosion02.uasset" 477
"../../../EndlessRunner/Content/StarterContent/Audio/Explosion_Cue.uasset" 478
"../../../EndlessRunner/Content/StarterContent/Blueprints/Blueprint_Effect_Explosion.uasset" 479
"../../../EndlessRunner/Content/StarterContent/Materials/M_ColorGrid_LowSpec.uasset" 480
"../../../EndlessRunner/Content/StarterContent/Shapes/Shape_Cone.uasset" 481
"../../../EndlessRunner/Content/StarterContent/Shapes/Shape_Cylinder.uasset" 482
"../../../EndlessRunner/Content/StarterContent/Shapes/Shape_NarrowCapsule.uasset" 483
"../../../EndlessRunner/Content/StarterContent/Shapes/Shape_Pipe.uasset" 484
"../../../EndlessRunner/Content/StarterContent/Shapes/Shape_Pipe_180.uasset" 485
"../../../EndlessRunner/Content/StarterContent/Shapes/Shape_Pipe_90.uasset" 486
"../../../EndlessRunner/Content/StarterContent/Shapes/Shape_Plane.uasset" 487
"../../../EndlessRunner/Content/StarterContent/Shapes/Shape_Torus.uasset" 488
"../../../EndlessRunner/Content/StarterContent/Shapes/Shape_Trim.uasset" 489
"../../../EndlessRunner/Content/StarterContent/Shapes/Shape_Trim_90_In.uasset" 490
"../../../EndlessRunner/Content/ThirdPerson/Meshes/Bump_StaticMesh.uasset" 491
